<?xml version="1.0" encoding="UTF-8"?>
<!-- Generated by org.testng.reporters.JUnitReportReporter -->
<testsuite hostname="Vishal-PC" name="gapp.model.dao.UserDaoTest" tests="1" failures="0" timestamp="2 Feb 2016 01:06:35 GMT" time="0.205" errors="0">
  <testcase name="Student1HasOneApplication" time="0.205" classname="gapp.model.dao.UserDaoTest"/>
</testsuite> <!-- gapp.model.dao.UserDaoTest -->
