<?xml version="1.0" encoding="UTF-8"?>
<!-- Generated by org.testng.reporters.JUnitReportReporter -->
<testsuite hostname="Vishal-PC" name="gapp.model.dao.DepartmentDaoTest" tests="1" failures="0" timestamp="2 Feb 2016 03:48:19 GMT" time="0.193" errors="0">
  <testcase name="twoDepartmentsexists" time="0.193" classname="gapp.model.dao.DepartmentDaoTest"/>
</testsuite> <!-- gapp.model.dao.DepartmentDaoTest -->
