<?xml version="1.0" encoding="UTF-8"?>
<!-- Generated by org.testng.reporters.JUnitReportReporter -->
<testsuite hostname="Vishal-PC" name="gapp.model.dao.ApplicationDaoTest" tests="1" failures="0" timestamp="2 Feb 2016 01:06:16 GMT" time="0.229" errors="0">
  <testcase name="oneapplicationforaccountingforfall2016" time="0.229" classname="gapp.model.dao.ApplicationDaoTest"/>
</testsuite> <!-- gapp.model.dao.ApplicationDaoTest -->
